<?xml version="1.0" encoding="UTF-8"?>
<robot generator="Robot 7.4.1 (Python 3.14.2 on win32)" generated="2026-01-02T23:18:47.102445" rpa="false" schemaversion="5">
<suite id="s1" name="Invalid Test" source="E:\Study\T3\Software Engineer\TestAutomationLab\StarterFiles\RegisterTest\invalid_test.robot">
<test id="s1-t1" name="UAT-Lab04-002-TC-001 Open Workshop Registration Page" line="5">
<kw name="Open Workshop Registration Page" owner="resource">
<kw name="Evaluate" owner="BuiltIn">
<msg time="2026-01-02T23:18:47.372580" level="INFO">${chrome_options} = &lt;selenium.webdriver.chrome.options.Options object at 0x0000015FFCCA6F90&gt;</msg>
<var>${chrome_options}</var>
<arg>sys.modules['selenium.webdriver'].ChromeOptions()</arg>
<arg>sys</arg>
<doc>Evaluates the given expression in Python and returns the result.</doc>
<status status="PASS" start="2026-01-02T23:18:47.372171" elapsed="0.000446"/>
</kw>
<kw name="Set Variable" owner="BuiltIn">
<msg time="2026-01-02T23:18:47.372975" level="INFO">${chrome_options.binary_location} = E:\ChromeForTesting\chrome-win64\chrome.exe</msg>
<var>${chrome_options.binary_location}</var>
<arg>${CHROME_BROWSER_PATH}</arg>
<doc>Returns the given values which can then be assigned to a variables.</doc>
<status status="PASS" start="2026-01-02T23:18:47.372738" elapsed="0.000264"/>
</kw>
<kw name="Evaluate" owner="BuiltIn">
<msg time="2026-01-02T23:18:47.373573" level="INFO">${service} = &lt;selenium.webdriver.chrome.service.Service object at 0x0000015FFCCA6E40&gt;</msg>
<var>${service}</var>
<arg>sys.modules["selenium.webdriver.chrome.service"].Service(executable_path=r"${CHROME_DRIVER_PATH}")</arg>
<arg>sys</arg>
<doc>Evaluates the given expression in Python and returns the result.</doc>
<status status="PASS" start="2026-01-02T23:18:47.373086" elapsed="0.000512"/>
</kw>
<kw name="Create Webdriver" owner="SeleniumLibrary">
<msg time="2026-01-02T23:18:47.373863" level="INFO">Creating an instance of the Chrome WebDriver.</msg>
<arg>Chrome</arg>
<arg>options=${chrome_options}</arg>
<arg>service=${service}</arg>
<doc>Creates an instance of Selenium WebDriver.</doc>
<status status="PASS" start="2026-01-02T23:18:47.373687" elapsed="1.032272"/>
</kw>
<kw name="Go To" owner="SeleniumLibrary">
<msg time="2026-01-02T23:18:48.406412" level="INFO">Opening url 'http://localhost:7272/StarterFiles/Registration.html'</msg>
<arg>${REG URL}</arg>
<doc>Navigates the current browser window to the provided ``url``.</doc>
<status status="PASS" start="2026-01-02T23:18:48.406188" elapsed="0.047738"/>
</kw>
<kw name="Maximize Browser Window" owner="SeleniumLibrary">
<doc>Maximizes current browser window.</doc>
<status status="PASS" start="2026-01-02T23:18:48.454249" elapsed="0.038159"/>
</kw>
<kw name="Set Selenium Speed" owner="SeleniumLibrary">
<arg>${DELAY}</arg>
<doc>Sets the delay that is waited after each Selenium command.</doc>
<status status="PASS" start="2026-01-02T23:18:48.492625" elapsed="0.000275"/>
</kw>
<kw name="Workshop Registration Page Should Be Open" owner="resource">
<kw name="Title Should Be" owner="SeleniumLibrary">
<msg time="2026-01-02T23:18:48.497871" level="INFO">Page title is 'Registration'.</msg>
<arg>Registration</arg>
<doc>Verifies that the current page title equals ``title``.</doc>
<status status="PASS" start="2026-01-02T23:18:48.493293" elapsed="0.004675"/>
</kw>
<status status="PASS" start="2026-01-02T23:18:48.493068" elapsed="0.005012"/>
</kw>
<status status="PASS" start="2026-01-02T23:18:47.371517" elapsed="1.126628"/>
</kw>
<kw name="Workshop Registration Page Should Be Open" owner="resource">
<kw name="Title Should Be" owner="SeleniumLibrary">
<msg time="2026-01-02T23:18:48.501298" level="INFO">Page title is 'Registration'.</msg>
<arg>Registration</arg>
<doc>Verifies that the current page title equals ``title``.</doc>
<status status="PASS" start="2026-01-02T23:18:48.498696" elapsed="0.002671"/>
</kw>
<status status="PASS" start="2026-01-02T23:18:48.498453" elapsed="0.002983"/>
</kw>
<status status="PASS" start="2026-01-02T23:18:47.370774" elapsed="1.130853"/>
</test>
<test id="s1-t2" name="UAT-Lab04-002-TC-002 Empty First Name" line="9">
<kw name="Registration Should Fail With Invalid Data">
<kw name="Fill Registration Form" owner="resource">
<kw name="Input Text" owner="SeleniumLibrary">
<msg time="2026-01-02T23:18:48.504288" level="INFO">Typing text '' into text field 'firstname'.</msg>
<arg>firstname</arg>
<arg>${FIRSTNAME}</arg>
<doc>Types the given ``text`` into the text field identified by ``locator``.</doc>
<status status="PASS" start="2026-01-02T23:18:48.503874" elapsed="0.074120"/>
</kw>
<kw name="Input Text" owner="SeleniumLibrary">
<msg time="2026-01-02T23:18:48.578398" level="INFO">Typing text 'Sodsai' into text field 'lastname'.</msg>
<arg>lastname</arg>
<arg>${LASTNAME}</arg>
<doc>Types the given ``text`` into the text field identified by ``locator``.</doc>
<status status="PASS" start="2026-01-02T23:18:48.578174" elapsed="0.059471"/>
</kw>
<kw name="Input Text" owner="SeleniumLibrary">
<msg time="2026-01-02T23:18:48.638063" level="INFO">Typing text 'CS KKU' into text field 'organization'.</msg>
<arg>organization</arg>
<arg>${ORGANIZATION}</arg>
<doc>Types the given ``text`` into the text field identified by ``locator``.</doc>
<status status="PASS" start="2026-01-02T23:18:48.637825" elapsed="0.075372"/>
</kw>
<kw name="Input Text" owner="SeleniumLibrary">
<msg time="2026-01-02T23:18:48.713610" level="INFO">Typing text 'somyod@kkumail.com' into text field 'email'.</msg>
<arg>email</arg>
<arg>${EMAIL}</arg>
<doc>Types the given ``text`` into the text field identified by ``locator``.</doc>
<status status="PASS" start="2026-01-02T23:18:48.713388" elapsed="0.056884"/>
</kw>
<kw name="Input Text" owner="SeleniumLibrary">
<msg time="2026-01-02T23:18:48.770726" level="INFO">Typing text '091-001-1234' into text field 'phone'.</msg>
<arg>phone</arg>
<arg>${PHONE}</arg>
<doc>Types the given ``text`` into the text field identified by ``locator``.</doc>
<status status="PASS" start="2026-01-02T23:18:48.770464" elapsed="0.049036"/>
</kw>
<arg>${firstname}</arg>
<arg>${lastname}</arg>
<arg>${org}</arg>
<arg>${email}</arg>
<arg>${phone}</arg>
<status status="PASS" start="2026-01-02T23:18:48.503474" elapsed="0.316150"/>
</kw>
<kw name="Submit Click" owner="resource">
<kw name="Click Button" owner="SeleniumLibrary">
<msg time="2026-01-02T23:18:48.820191" level="INFO">Clicking button 'registerButton'.</msg>
<arg>registerButton</arg>
<doc>Clicks the button identified by ``locator``.</doc>
<status status="PASS" start="2026-01-02T23:18:48.820038" elapsed="0.061602"/>
</kw>
<status status="PASS" start="2026-01-02T23:18:48.819804" elapsed="0.061941"/>
</kw>
<kw name="Location Should Be" owner="SeleniumLibrary">
<msg time="2026-01-02T23:18:48.884405" level="INFO">Current location is 'http://localhost:7272/StarterFiles/Registration.html'.</msg>
<arg>${ERROR URL}</arg>
<doc>Verifies that the current URL is exactly ``url``.</doc>
<status status="PASS" start="2026-01-02T23:18:48.881864" elapsed="0.002600"/>
</kw>
<kw name="Element Text Should Be" owner="SeleniumLibrary">
<msg time="2026-01-02T23:18:48.884771" level="INFO">Verifying element 'errors' contains exact text 'Please enter your first name!!'.</msg>
<msg time="2026-01-02T23:18:49.028860" level="INFO" html="true">&lt;/td&gt;&lt;/tr&gt;&lt;tr&gt;&lt;td colspan="3"&gt;&lt;a href="selenium-screenshot-1.png"&gt;&lt;img src="selenium-screenshot-1.png" width="800px"&gt;&lt;/a&gt;</msg>
<msg time="2026-01-02T23:18:49.029015" level="FAIL">The text of element 'errors' should have been 'Please enter your first name!!' but it was '*Please enter your first name!!'.</msg>
<arg>errors</arg>
<arg>${expected}</arg>
<doc>Verifies that element ``locator`` contains exact the text ``expected``.</doc>
<status status="FAIL" start="2026-01-02T23:18:48.884581" elapsed="0.146091">The text of element 'errors' should have been 'Please enter your first name!!' but it was '*Please enter your first name!!'.</status>
</kw>
<arg>${EMPTY}</arg>
<arg>${LASTNAME}</arg>
<arg>${ORGANIZATION}</arg>
<arg>${EMAIL}</arg>
<arg>${PHONE}</arg>
<arg>Please enter your first name!!</arg>
<status status="FAIL" start="2026-01-02T23:18:48.502604" elapsed="0.528219">The text of element 'errors' should have been 'Please enter your first name!!' but it was '*Please enter your first name!!'.</status>
</kw>
<status status="FAIL" start="2026-01-02T23:18:48.502108" elapsed="0.529010">The text of element 'errors' should have been 'Please enter your first name!!' but it was '*Please enter your first name!!'.</status>
</test>
<test id="s1-t3" name="UAT-Lab04-002-TC-003 Empty Last Name" line="13">
<kw name="Registration Should Fail With Invalid Data">
<kw name="Fill Registration Form" owner="resource">
<kw name="Input Text" owner="SeleniumLibrary">
<msg time="2026-01-02T23:18:49.032933" level="INFO">Typing text 'Somyod' into text field 'firstname'.</msg>
<arg>firstname</arg>
<arg>${FIRSTNAME}</arg>
<doc>Types the given ``text`` into the text field identified by ``locator``.</doc>
<status status="PASS" start="2026-01-02T23:18:49.032775" elapsed="0.044748"/>
</kw>
<kw name="Input Text" owner="SeleniumLibrary">
<msg time="2026-01-02T23:18:49.077988" level="INFO">Typing text '' into text field 'lastname'.</msg>
<arg>lastname</arg>
<arg>${LASTNAME}</arg>
<doc>Types the given ``text`` into the text field identified by ``locator``.</doc>
<status status="PASS" start="2026-01-02T23:18:49.077762" elapsed="0.043565"/>
</kw>
<kw name="Input Text" owner="SeleniumLibrary">
<msg time="2026-01-02T23:18:49.121715" level="INFO">Typing text 'CS KKU' into text field 'organization'.</msg>
<arg>organization</arg>
<arg>${ORGANIZATION}</arg>
<doc>Types the given ``text`` into the text field identified by ``locator``.</doc>
<status status="PASS" start="2026-01-02T23:18:49.121496" elapsed="0.044156"/>
</kw>
<kw name="Input Text" owner="SeleniumLibrary">
<msg time="2026-01-02T23:18:49.166095" level="INFO">Typing text 'somyod@kkumail.com' into text field 'email'.</msg>
<arg>email</arg>
<arg>${EMAIL}</arg>
<doc>Types the given ``text`` into the text field identified by ``locator``.</doc>
<status status="PASS" start="2026-01-02T23:18:49.165855" elapsed="0.053384"/>
</kw>
<kw name="Input Text" owner="SeleniumLibrary">
<msg time="2026-01-02T23:18:49.219614" level="INFO">Typing text '091-001-1234' into text field 'phone'.</msg>
<arg>phone</arg>
<arg>${PHONE}</arg>
<doc>Types the given ``text`` into the text field identified by ``locator``.</doc>
<status status="PASS" start="2026-01-02T23:18:49.219406" elapsed="0.051057"/>
</kw>
<arg>${firstname}</arg>
<arg>${lastname}</arg>
<arg>${org}</arg>
<arg>${email}</arg>
<arg>${phone}</arg>
<status status="PASS" start="2026-01-02T23:18:49.032526" elapsed="0.238072"/>
</kw>
<kw name="Submit Click" owner="resource">
<kw name="Click Button" owner="SeleniumLibrary">
<msg time="2026-01-02T23:18:49.271178" level="INFO">Clicking button 'registerButton'.</msg>
<arg>registerButton</arg>
<doc>Clicks the button identified by ``locator``.</doc>
<status status="PASS" start="2026-01-02T23:18:49.271003" elapsed="0.046359"/>
</kw>
<status status="PASS" start="2026-01-02T23:18:49.270776" elapsed="0.046690"/>
</kw>
<kw name="Location Should Be" owner="SeleniumLibrary">
<msg time="2026-01-02T23:18:49.320856" level="INFO">Current location is 'http://localhost:7272/StarterFiles/Registration.html'.</msg>
<arg>${ERROR URL}</arg>
<doc>Verifies that the current URL is exactly ``url``.</doc>
<status status="PASS" start="2026-01-02T23:18:49.317585" elapsed="0.003351"/>
</kw>
<kw name="Element Text Should Be" owner="SeleniumLibrary">
<msg time="2026-01-02T23:18:49.321290" level="INFO">Verifying element 'errors' contains exact text 'Please enter your last name!!'.</msg>
<msg time="2026-01-02T23:18:49.434072" level="INFO" html="true">&lt;/td&gt;&lt;/tr&gt;&lt;tr&gt;&lt;td colspan="3"&gt;&lt;a href="selenium-screenshot-2.png"&gt;&lt;img src="selenium-screenshot-2.png" width="800px"&gt;&lt;/a&gt;</msg>
<msg time="2026-01-02T23:18:49.434218" level="FAIL">The text of element 'errors' should have been 'Please enter your last name!!' but it was '*Please enter your last name!!'.</msg>
<arg>errors</arg>
<arg>${expected}</arg>
<doc>Verifies that element ``locator`` contains exact the text ``expected``.</doc>
<status status="FAIL" start="2026-01-02T23:18:49.321082" elapsed="0.113912">The text of element 'errors' should have been 'Please enter your last name!!' but it was '*Please enter your last name!!'.</status>
</kw>
<arg>${FIRSTNAME}</arg>
<arg>${EMPTY}</arg>
<arg>${ORGANIZATION}</arg>
<arg>${EMAIL}</arg>
<arg>${PHONE}</arg>
<arg>Please enter your last name!!</arg>
<status status="FAIL" start="2026-01-02T23:18:49.031969" elapsed="0.403175">The text of element 'errors' should have been 'Please enter your last name!!' but it was '*Please enter your last name!!'.</status>
</kw>
<status status="FAIL" start="2026-01-02T23:18:49.031550" elapsed="0.403926">The text of element 'errors' should have been 'Please enter your last name!!' but it was '*Please enter your last name!!'.</status>
</test>
<test id="s1-t4" name="UAT-Lab04-002-TC-004 Empty First Name &amp; Last Name" line="17">
<kw name="Registration Should Fail With Invalid Data">
<kw name="Fill Registration Form" owner="resource">
<kw name="Input Text" owner="SeleniumLibrary">
<msg time="2026-01-02T23:18:49.437710" level="INFO">Typing text '' into text field 'firstname'.</msg>
<arg>firstname</arg>
<arg>${FIRSTNAME}</arg>
<doc>Types the given ``text`` into the text field identified by ``locator``.</doc>
<status status="PASS" start="2026-01-02T23:18:49.437547" elapsed="0.044181"/>
</kw>
<kw name="Input Text" owner="SeleniumLibrary">
<msg time="2026-01-02T23:18:49.482121" level="INFO">Typing text '' into text field 'lastname'.</msg>
<arg>lastname</arg>
<arg>${LASTNAME}</arg>
<doc>Types the given ``text`` into the text field identified by ``locator``.</doc>
<status status="PASS" start="2026-01-02T23:18:49.481901" elapsed="0.039064"/>
</kw>
<kw name="Input Text" owner="SeleniumLibrary">
<msg time="2026-01-02T23:18:49.521403" level="INFO">Typing text 'CS KKU' into text field 'organization'.</msg>
<arg>organization</arg>
<arg>${ORGANIZATION}</arg>
<doc>Types the given ``text`` into the text field identified by ``locator``.</doc>
<status status="PASS" start="2026-01-02T23:18:49.521137" elapsed="0.051609"/>
</kw>
<kw name="Input Text" owner="SeleniumLibrary">
<msg time="2026-01-02T23:18:49.573160" level="INFO">Typing text 'somyod@kkumail.com' into text field 'email'.</msg>
<arg>email</arg>
<arg>${EMAIL}</arg>
<doc>Types the given ``text`` into the text field identified by ``locator``.</doc>
<status status="PASS" start="2026-01-02T23:18:49.572945" elapsed="0.076418"/>
</kw>
<kw name="Input Text" owner="SeleniumLibrary">
<msg time="2026-01-02T23:18:49.649755" level="INFO">Typing text '091-001-1234' into text field 'phone'.</msg>
<arg>phone</arg>
<arg>${PHONE}</arg>
<doc>Types the given ``text`` into the text field identified by ``locator``.</doc>
<status status="PASS" start="2026-01-02T23:18:49.649549" elapsed="0.061713"/>
</kw>
<arg>${firstname}</arg>
<arg>${lastname}</arg>
<arg>${org}</arg>
<arg>${email}</arg>
<arg>${phone}</arg>
<status status="PASS" start="2026-01-02T23:18:49.437290" elapsed="0.274081"/>
</kw>
<kw name="Submit Click" owner="resource">
<kw name="Click Button" owner="SeleniumLibrary">
<msg time="2026-01-02T23:18:49.711901" level="INFO">Clicking button 'registerButton'.</msg>
<arg>registerButton</arg>
<doc>Clicks the button identified by ``locator``.</doc>
<status status="PASS" start="2026-01-02T23:18:49.711755" elapsed="0.038162"/>
</kw>
<status status="PASS" start="2026-01-02T23:18:49.711535" elapsed="0.038488"/>
</kw>
<kw name="Location Should Be" owner="SeleniumLibrary">
<msg time="2026-01-02T23:18:49.752745" level="INFO">Current location is 'http://localhost:7272/StarterFiles/Registration.html'.</msg>
<arg>${ERROR URL}</arg>
<doc>Verifies that the current URL is exactly ``url``.</doc>
<status status="PASS" start="2026-01-02T23:18:49.750147" elapsed="0.002677"/>
</kw>
<kw name="Element Text Should Be" owner="SeleniumLibrary">
<msg time="2026-01-02T23:18:49.753197" level="INFO">Verifying element 'errors' contains exact text 'Please enter your name!!'.</msg>
<msg time="2026-01-02T23:18:49.839523" level="INFO" html="true">&lt;/td&gt;&lt;/tr&gt;&lt;tr&gt;&lt;td colspan="3"&gt;&lt;a href="selenium-screenshot-3.png"&gt;&lt;img src="selenium-screenshot-3.png" width="800px"&gt;&lt;/a&gt;</msg>
<msg time="2026-01-02T23:18:49.839669" level="FAIL">The text of element 'errors' should have been 'Please enter your name!!' but it was '*Please enter your name!!'.</msg>
<arg>errors</arg>
<arg>${expected}</arg>
<doc>Verifies that element ``locator`` contains exact the text ``expected``.</doc>
<status status="FAIL" start="2026-01-02T23:18:49.752992" elapsed="0.087386">The text of element 'errors' should have been 'Please enter your name!!' but it was '*Please enter your name!!'.</status>
</kw>
<arg>${EMPTY}</arg>
<arg>${EMPTY}</arg>
<arg>${ORGANIZATION}</arg>
<arg>${EMAIL}</arg>
<arg>${PHONE}</arg>
<arg>Please enter your name!!</arg>
<status status="FAIL" start="2026-01-02T23:18:49.436569" elapsed="0.403951">The text of element 'errors' should have been 'Please enter your name!!' but it was '*Please enter your name!!'.</status>
</kw>
<status status="FAIL" start="2026-01-02T23:18:49.436085" elapsed="0.404694">The text of element 'errors' should have been 'Please enter your name!!' but it was '*Please enter your name!!'.</status>
</test>
<test id="s1-t5" name="UAT-Lab04-002-TC-005 Empty Email" line="21">
<kw name="Registration Should Fail With Invalid Data">
<kw name="Fill Registration Form" owner="resource">
<kw name="Input Text" owner="SeleniumLibrary">
<msg time="2026-01-02T23:18:49.842641" level="INFO">Typing text 'Somyod' into text field 'firstname'.</msg>
<arg>firstname</arg>
<arg>${FIRSTNAME}</arg>
<doc>Types the given ``text`` into the text field identified by ``locator``.</doc>
<status status="PASS" start="2026-01-02T23:18:49.842480" elapsed="0.061427"/>
</kw>
<kw name="Input Text" owner="SeleniumLibrary">
<msg time="2026-01-02T23:18:49.904289" level="INFO">Typing text 'Sodsai' into text field 'lastname'.</msg>
<arg>lastname</arg>
<arg>${LASTNAME}</arg>
<doc>Types the given ``text`` into the text field identified by ``locator``.</doc>
<status status="PASS" start="2026-01-02T23:18:49.904073" elapsed="0.041439"/>
</kw>
<kw name="Input Text" owner="SeleniumLibrary">
<msg time="2026-01-02T23:18:49.945909" level="INFO">Typing text 'CS KKU' into text field 'organization'.</msg>
<arg>organization</arg>
<arg>${ORGANIZATION}</arg>
<doc>Types the given ``text`` into the text field identified by ``locator``.</doc>
<status status="PASS" start="2026-01-02T23:18:49.945691" elapsed="0.048930"/>
</kw>
<kw name="Input Text" owner="SeleniumLibrary">
<msg time="2026-01-02T23:18:49.994995" level="INFO">Typing text '' into text field 'email'.</msg>
<arg>email</arg>
<arg>${EMAIL}</arg>
<doc>Types the given ``text`` into the text field identified by ``locator``.</doc>
<status status="PASS" start="2026-01-02T23:18:49.994790" elapsed="0.041906"/>
</kw>
<kw name="Input Text" owner="SeleniumLibrary">
<msg time="2026-01-02T23:18:50.037171" level="INFO">Typing text '091-001-1234' into text field 'phone'.</msg>
<arg>phone</arg>
<arg>${PHONE}</arg>
<doc>Types the given ``text`` into the text field identified by ``locator``.</doc>
<status status="PASS" start="2026-01-02T23:18:50.036912" elapsed="0.043915"/>
</kw>
<arg>${firstname}</arg>
<arg>${lastname}</arg>
<arg>${org}</arg>
<arg>${email}</arg>
<arg>${phone}</arg>
<status status="PASS" start="2026-01-02T23:18:49.842198" elapsed="0.238750"/>
</kw>
<kw name="Submit Click" owner="resource">
<kw name="Click Button" owner="SeleniumLibrary">
<msg time="2026-01-02T23:18:50.081480" level="INFO">Clicking button 'registerButton'.</msg>
<arg>registerButton</arg>
<doc>Clicks the button identified by ``locator``.</doc>
<status status="PASS" start="2026-01-02T23:18:50.081332" elapsed="0.037414"/>
</kw>
<status status="PASS" start="2026-01-02T23:18:50.081115" elapsed="0.037761"/>
</kw>
<kw name="Location Should Be" owner="SeleniumLibrary">
<msg time="2026-01-02T23:18:50.121558" level="INFO">Current location is 'http://localhost:7272/StarterFiles/Registration.html'.</msg>
<arg>${ERROR URL}</arg>
<doc>Verifies that the current URL is exactly ``url``.</doc>
<status status="PASS" start="2026-01-02T23:18:50.119028" elapsed="0.002585"/>
</kw>
<kw name="Element Text Should Be" owner="SeleniumLibrary">
<msg time="2026-01-02T23:18:50.121900" level="INFO">Verifying element 'errors' contains exact text 'Please enter your email!!'.</msg>
<msg time="2026-01-02T23:18:50.219466" level="INFO" html="true">&lt;/td&gt;&lt;/tr&gt;&lt;tr&gt;&lt;td colspan="3"&gt;&lt;a href="selenium-screenshot-4.png"&gt;&lt;img src="selenium-screenshot-4.png" width="800px"&gt;&lt;/a&gt;</msg>
<msg time="2026-01-02T23:18:50.219695" level="FAIL">The text of element 'errors' should have been 'Please enter your email!!' but it was '*Please enter your email!!'.</msg>
<arg>errors</arg>
<arg>${expected}</arg>
<doc>Verifies that element ``locator`` contains exact the text ``expected``.</doc>
<status status="FAIL" start="2026-01-02T23:18:50.121724" elapsed="0.098975">The text of element 'errors' should have been 'Please enter your email!!' but it was '*Please enter your email!!'.</status>
</kw>
<arg>${FIRSTNAME}</arg>
<arg>${LASTNAME}</arg>
<arg>${ORGANIZATION}</arg>
<arg>${EMPTY}</arg>
<arg>${PHONE}</arg>
<arg>Please enter your email!!</arg>
<status status="FAIL" start="2026-01-02T23:18:49.841594" elapsed="0.379273">The text of element 'errors' should have been 'Please enter your email!!' but it was '*Please enter your email!!'.</status>
</kw>
<status status="FAIL" start="2026-01-02T23:18:49.841253" elapsed="0.379957">The text of element 'errors' should have been 'Please enter your email!!' but it was '*Please enter your email!!'.</status>
</test>
<test id="s1-t6" name="UAT-Lab04-002-TC-006 Empty Phone Number" line="25">
<kw name="Registration Should Fail With Invalid Data">
<kw name="Fill Registration Form" owner="resource">
<kw name="Input Text" owner="SeleniumLibrary">
<msg time="2026-01-02T23:18:50.223547" level="INFO">Typing text 'Somyod' into text field 'firstname'.</msg>
<arg>firstname</arg>
<arg>${FIRSTNAME}</arg>
<doc>Types the given ``text`` into the text field identified by ``locator``.</doc>
<status status="PASS" start="2026-01-02T23:18:50.223391" elapsed="0.049993"/>
</kw>
<kw name="Input Text" owner="SeleniumLibrary">
<msg time="2026-01-02T23:18:50.273880" level="INFO">Typing text 'Sodsai' into text field 'lastname'.</msg>
<arg>lastname</arg>
<arg>${LASTNAME}</arg>
<doc>Types the given ``text`` into the text field identified by ``locator``.</doc>
<status status="PASS" start="2026-01-02T23:18:50.273601" elapsed="0.055581"/>
</kw>
<kw name="Input Text" owner="SeleniumLibrary">
<msg time="2026-01-02T23:18:50.329671" level="INFO">Typing text 'CS KKU' into text field 'organization'.</msg>
<arg>organization</arg>
<arg>${ORGANIZATION}</arg>
<doc>Types the given ``text`` into the text field identified by ``locator``.</doc>
<status status="PASS" start="2026-01-02T23:18:50.329398" elapsed="0.055627"/>
</kw>
<kw name="Input Text" owner="SeleniumLibrary">
<msg time="2026-01-02T23:18:50.385530" level="INFO">Typing text 'somyod@kkumail.com' into text field 'email'.</msg>
<arg>email</arg>
<arg>${EMAIL}</arg>
<doc>Types the given ``text`` into the text field identified by ``locator``.</doc>
<status status="PASS" start="2026-01-02T23:18:50.385242" elapsed="0.065048"/>
</kw>
<kw name="Input Text" owner="SeleniumLibrary">
<msg time="2026-01-02T23:18:50.450851" level="INFO">Typing text '' into text field 'phone'.</msg>
<arg>phone</arg>
<arg>${PHONE}</arg>
<doc>Types the given ``text`` into the text field identified by ``locator``.</doc>
<status status="PASS" start="2026-01-02T23:18:50.450522" elapsed="0.056599"/>
</kw>
<arg>${firstname}</arg>
<arg>${lastname}</arg>
<arg>${org}</arg>
<arg>${email}</arg>
<arg>${phone}</arg>
<status status="PASS" start="2026-01-02T23:18:50.223036" elapsed="0.284224"/>
</kw>
<kw name="Submit Click" owner="resource">
<kw name="Click Button" owner="SeleniumLibrary">
<msg time="2026-01-02T23:18:50.507966" level="INFO">Clicking button 'registerButton'.</msg>
<arg>registerButton</arg>
<doc>Clicks the button identified by ``locator``.</doc>
<status status="PASS" start="2026-01-02T23:18:50.507784" elapsed="0.062982"/>
</kw>
<status status="PASS" start="2026-01-02T23:18:50.507522" elapsed="0.063424"/>
</kw>
<kw name="Location Should Be" owner="SeleniumLibrary">
<msg time="2026-01-02T23:18:50.573602" level="INFO">Current location is 'http://localhost:7272/StarterFiles/Registration.html'.</msg>
<arg>${ERROR URL}</arg>
<doc>Verifies that the current URL is exactly ``url``.</doc>
<status status="PASS" start="2026-01-02T23:18:50.571114" elapsed="0.002556"/>
</kw>
<kw name="Element Text Should Be" owner="SeleniumLibrary">
<msg time="2026-01-02T23:18:50.574034" level="INFO">Verifying element 'errors' contains exact text 'Please enter your phone number!!'.</msg>
<msg time="2026-01-02T23:18:50.664800" level="INFO" html="true">&lt;/td&gt;&lt;/tr&gt;&lt;tr&gt;&lt;td colspan="3"&gt;&lt;a href="selenium-screenshot-5.png"&gt;&lt;img src="selenium-screenshot-5.png" width="800px"&gt;&lt;/a&gt;</msg>
<msg time="2026-01-02T23:18:50.665033" level="FAIL">The text of element 'errors' should have been 'Please enter your phone number!!' but it was '*Please enter your phone number!!'.</msg>
<arg>errors</arg>
<arg>${expected}</arg>
<doc>Verifies that element ``locator`` contains exact the text ``expected``.</doc>
<status status="FAIL" start="2026-01-02T23:18:50.573807" elapsed="0.092360">The text of element 'errors' should have been 'Please enter your phone number!!' but it was '*Please enter your phone number!!'.</status>
</kw>
<arg>${FIRSTNAME}</arg>
<arg>${LASTNAME}</arg>
<arg>${ORGANIZATION}</arg>
<arg>${EMAIL}</arg>
<arg>${EMPTY}</arg>
<arg>Please enter your phone number!!</arg>
<status status="FAIL" start="2026-01-02T23:18:50.222262" elapsed="0.444095">The text of element 'errors' should have been 'Please enter your phone number!!' but it was '*Please enter your phone number!!'.</status>
</kw>
<status status="FAIL" start="2026-01-02T23:18:50.221728" elapsed="0.444929">The text of element 'errors' should have been 'Please enter your phone number!!' but it was '*Please enter your phone number!!'.</status>
</test>
<test id="s1-t7" name="UAT-Lab04-002-TC-007 Invalid Phone Number" line="29">
<kw name="Registration Should Fail With Invalid Data">
<kw name="Fill Registration Form" owner="resource">
<kw name="Input Text" owner="SeleniumLibrary">
<msg time="2026-01-02T23:18:50.669457" level="INFO">Typing text 'Somyod' into text field 'firstname'.</msg>
<arg>firstname</arg>
<arg>${FIRSTNAME}</arg>
<doc>Types the given ``text`` into the text field identified by ``locator``.</doc>
<status status="PASS" start="2026-01-02T23:18:50.668956" elapsed="0.055696"/>
</kw>
<kw name="Input Text" owner="SeleniumLibrary">
<msg time="2026-01-02T23:18:50.725218" level="INFO">Typing text 'Sodsai' into text field 'lastname'.</msg>
<arg>lastname</arg>
<arg>${LASTNAME}</arg>
<doc>Types the given ``text`` into the text field identified by ``locator``.</doc>
<status status="PASS" start="2026-01-02T23:18:50.724915" elapsed="0.058242"/>
</kw>
<kw name="Input Text" owner="SeleniumLibrary">
<msg time="2026-01-02T23:18:50.783688" level="INFO">Typing text 'CS KKU' into text field 'organization'.</msg>
<arg>organization</arg>
<arg>${ORGANIZATION}</arg>
<doc>Types the given ``text`` into the text field identified by ``locator``.</doc>
<status status="PASS" start="2026-01-02T23:18:50.783380" elapsed="0.060529"/>
</kw>
<kw name="Input Text" owner="SeleniumLibrary">
<msg time="2026-01-02T23:18:50.844523" level="INFO">Typing text 'somyod@kkumail.com' into text field 'email'.</msg>
<arg>email</arg>
<arg>${EMAIL}</arg>
<doc>Types the given ``text`` into the text field identified by ``locator``.</doc>
<status status="PASS" start="2026-01-02T23:18:50.844184" elapsed="0.069952"/>
</kw>
<kw name="Input Text" owner="SeleniumLibrary">
<msg time="2026-01-02T23:18:50.914639" level="INFO">Typing text '1234' into text field 'phone'.</msg>
<arg>phone</arg>
<arg>${PHONE}</arg>
<doc>Types the given ``text`` into the text field identified by ``locator``.</doc>
<status status="PASS" start="2026-01-02T23:18:50.914355" elapsed="0.053943"/>
</kw>
<arg>${firstname}</arg>
<arg>${lastname}</arg>
<arg>${org}</arg>
<arg>${email}</arg>
<arg>${phone}</arg>
<status status="PASS" start="2026-01-02T23:18:50.668283" elapsed="0.300137"/>
</kw>
<kw name="Submit Click" owner="resource">
<kw name="Click Button" owner="SeleniumLibrary">
<msg time="2026-01-02T23:18:50.969219" level="INFO">Clicking button 'registerButton'.</msg>
<arg>registerButton</arg>
<doc>Clicks the button identified by ``locator``.</doc>
<status status="PASS" start="2026-01-02T23:18:50.969002" elapsed="0.044513"/>
</kw>
<status status="PASS" start="2026-01-02T23:18:50.968674" elapsed="0.045023"/>
</kw>
<kw name="Location Should Be" owner="SeleniumLibrary">
<msg time="2026-01-02T23:18:51.019657" level="INFO">Current location is 'http://localhost:7272/StarterFiles/Registration.html'.</msg>
<arg>${ERROR URL}</arg>
<doc>Verifies that the current URL is exactly ``url``.</doc>
<status status="PASS" start="2026-01-02T23:18:51.013871" elapsed="0.005873"/>
</kw>
<kw name="Element Text Should Be" owner="SeleniumLibrary">
<msg time="2026-01-02T23:18:51.020162" level="INFO">Verifying element 'errors' contains exact text 'Please enter a valid phone number, e.g., 081-234-5678, 081 234 5678, or 081.234.5678)'.</msg>
<msg time="2026-01-02T23:18:51.106513" level="INFO" html="true">&lt;/td&gt;&lt;/tr&gt;&lt;tr&gt;&lt;td colspan="3"&gt;&lt;a href="selenium-screenshot-6.png"&gt;&lt;img src="selenium-screenshot-6.png" width="800px"&gt;&lt;/a&gt;</msg>
<msg time="2026-01-02T23:18:51.106740" level="FAIL">The text of element 'errors' should have been 'Please enter a valid phone number, e.g., 081-234-5678, 081 234 5678, or 081.234.5678)' but it was 'Please enter a valid phone number!!'.</msg>
<arg>errors</arg>
<arg>${expected}</arg>
<doc>Verifies that element ``locator`` contains exact the text ``expected``.</doc>
<status status="FAIL" start="2026-01-02T23:18:51.019901" elapsed="0.087789">The text of element 'errors' should have been 'Please enter a valid phone number, e.g., 081-234-5678, 081 234 5678, or 081.234.5678)' but it was 'Please enter a valid phone number!!'.</status>
</kw>
<arg>${FIRSTNAME}</arg>
<arg>${LASTNAME}</arg>
<arg>${ORGANIZATION}</arg>
<arg>${EMAIL}</arg>
<arg>1234</arg>
<arg>Please enter a valid phone number, e.g., 081-234-5678, 081 234 5678, or 081.234.5678)</arg>
<status status="FAIL" start="2026-01-02T23:18:50.667760" elapsed="0.440076">The text of element 'errors' should have been 'Please enter a valid phone number, e.g., 081-234-5678, 081 234 5678, or 081.234.5678)' but it was 'Please enter a valid phone number!!'.</status>
</kw>
<status status="FAIL" start="2026-01-02T23:18:50.667192" elapsed="0.440932">The text of element 'errors' should have been 'Please enter a valid phone number, e.g., 081-234-5678, 081 234 5678, or 081.234.5678)' but it was 'Please enter a valid phone number!!'.</status>
</test>
<status status="FAIL" start="2026-01-02T23:18:47.103965" elapsed="4.004967"/>
</suite>
<statistics>
<total>
<stat pass="1" fail="6" skip="0">All Tests</stat>
</total>
<tag>
</tag>
<suite>
<stat name="Invalid Test" id="s1" pass="1" fail="6" skip="0">Invalid Test</stat>
</suite>
</statistics>
<errors>
</errors>
</robot>
